2021-09-29 18:16:36,828 - CPUUtilization.Percent:100.0|#Level:Host|#hostname:amir-manjaro,timestamp:1632932196
2021-09-29 18:16:36,829 - DiskAvailable.Gigabytes:176.75965881347656|#Level:Host|#hostname:amir-manjaro,timestamp:1632932196
2021-09-29 18:16:36,829 - DiskUsage.Gigabytes:102.27043914794922|#Level:Host|#hostname:amir-manjaro,timestamp:1632932196
2021-09-29 18:16:36,830 - DiskUtilization.Percent:36.7|#Level:Host|#hostname:amir-manjaro,timestamp:1632932196
2021-09-29 18:16:36,830 - MemoryAvailable.Megabytes:3590.5625|#Level:Host|#hostname:amir-manjaro,timestamp:1632932196
2021-09-29 18:16:36,830 - MemoryUsed.Megabytes:2800.61328125|#Level:Host|#hostname:amir-manjaro,timestamp:1632932196
2021-09-29 18:16:36,831 - MemoryUtilization.Percent:54.2|#Level:Host|#hostname:amir-manjaro,timestamp:1632932196
2021-09-29 18:17:36,842 - CPUUtilization.Percent:0.0|#Level:Host|#hostname:amir-manjaro,timestamp:1632932256
2021-09-29 18:17:36,843 - DiskAvailable.Gigabytes:176.7575340270996|#Level:Host|#hostname:amir-manjaro,timestamp:1632932256
2021-09-29 18:17:36,844 - DiskUsage.Gigabytes:102.27256393432617|#Level:Host|#hostname:amir-manjaro,timestamp:1632932256
2021-09-29 18:17:36,844 - DiskUtilization.Percent:36.7|#Level:Host|#hostname:amir-manjaro,timestamp:1632932256
2021-09-29 18:17:36,845 - MemoryAvailable.Megabytes:3336.33203125|#Level:Host|#hostname:amir-manjaro,timestamp:1632932256
2021-09-29 18:17:36,845 - MemoryUsed.Megabytes:3085.06640625|#Level:Host|#hostname:amir-manjaro,timestamp:1632932256
2021-09-29 18:17:36,845 - MemoryUtilization.Percent:57.4|#Level:Host|#hostname:amir-manjaro,timestamp:1632932256
2021-09-29 18:20:54,245 - CPUUtilization.Percent:0.0|#Level:Host|#hostname:amir-manjaro,timestamp:1632932454
2021-09-29 18:20:54,246 - DiskAvailable.Gigabytes:176.75067138671875|#Level:Host|#hostname:amir-manjaro,timestamp:1632932454
2021-09-29 18:20:54,246 - DiskUsage.Gigabytes:102.27942657470703|#Level:Host|#hostname:amir-manjaro,timestamp:1632932454
2021-09-29 18:20:54,246 - DiskUtilization.Percent:36.7|#Level:Host|#hostname:amir-manjaro,timestamp:1632932454
2021-09-29 18:20:54,246 - MemoryAvailable.Megabytes:3601.2421875|#Level:Host|#hostname:amir-manjaro,timestamp:1632932454
2021-09-29 18:20:54,246 - MemoryUsed.Megabytes:2808.78125|#Level:Host|#hostname:amir-manjaro,timestamp:1632932454
2021-09-29 18:20:54,247 - MemoryUtilization.Percent:54.0|#Level:Host|#hostname:amir-manjaro,timestamp:1632932454
2021-09-29 18:21:54,241 - CPUUtilization.Percent:0.0|#Level:Host|#hostname:amir-manjaro,timestamp:1632932514
2021-09-29 18:21:54,241 - DiskAvailable.Gigabytes:176.74864959716797|#Level:Host|#hostname:amir-manjaro,timestamp:1632932514
2021-09-29 18:21:54,241 - DiskUsage.Gigabytes:102.28144836425781|#Level:Host|#hostname:amir-manjaro,timestamp:1632932514
2021-09-29 18:21:54,241 - DiskUtilization.Percent:36.7|#Level:Host|#hostname:amir-manjaro,timestamp:1632932514
2021-09-29 18:21:54,241 - MemoryAvailable.Megabytes:3291.421875|#Level:Host|#hostname:amir-manjaro,timestamp:1632932514
2021-09-29 18:21:54,242 - MemoryUsed.Megabytes:3112.2890625|#Level:Host|#hostname:amir-manjaro,timestamp:1632932514
2021-09-29 18:21:54,242 - MemoryUtilization.Percent:58.0|#Level:Host|#hostname:amir-manjaro,timestamp:1632932514
